DEPRECATION WARNING: Use toplevel init.rb; rails/init.rb is deprecated: /home/rlittle/Development/bitbucket/viates/vendor/plugins/jrails/rails/init.rb. (called from /home/rlittle/Development/bitbucket/viates/config/environment.rb:5)
DEPRECATION WARNING: reset_javascript_include_default is deprecated. Please manipulate config.action_view.javascript_expansions[:defaults] directly. (called from /home/rlittle/Development/bitbucket/viates/vendor/plugins/jrails/rails/init.rb:14)
DEPRECATION WARNING: RAILS_ENV is deprecated. Please use ::Rails.env. (called from /home/rlittle/Development/bitbucket/viates/vendor/plugins/jrails/rails/init.rb:16)
DEPRECATION WARNING: Use toplevel init.rb; rails/init.rb is deprecated: /home/rlittle/Development/bitbucket/viates/vendor/plugins/paperclip/rails/init.rb. (called from /home/rlittle/Development/bitbucket/viates/config/environment.rb:5)
DEPRECATION WARNING: Object#returning has been deprecated in favor of Object#tap. (called from enable_activerecord at /home/rlittle/Development/bitbucket/viates/vendor/plugins/will_paginate/lib/will_paginate.rb:38)
DEPRECATION WARNING: ActionController::Routing::Routes is deprecated. Instead, use Rails.application.routes. (called from /home/rlittle/Development/bitbucket/viates/vendor/plugins/rails_tiny_mce/config/routes.rb:1)
DEPRECATION WARNING: Use toplevel init.rb; rails/init.rb is deprecated: /home/rlittle/Development/bitbucket/viates/vendor/plugins/jrails/rails/init.rb. (called from /home/rlittle/Development/bitbucket/viates/config/environment.rb:5)
DEPRECATION WARNING: reset_javascript_include_default is deprecated. Please manipulate config.action_view.javascript_expansions[:defaults] directly. (called from /home/rlittle/Development/bitbucket/viates/vendor/plugins/jrails/rails/init.rb:14)
DEPRECATION WARNING: RAILS_ENV is deprecated. Please use ::Rails.env. (called from /home/rlittle/Development/bitbucket/viates/vendor/plugins/jrails/rails/init.rb:16)
DEPRECATION WARNING: Use toplevel init.rb; rails/init.rb is deprecated: /home/rlittle/Development/bitbucket/viates/vendor/plugins/paperclip/rails/init.rb. (called from /home/rlittle/Development/bitbucket/viates/config/environment.rb:5)
DEPRECATION WARNING: Object#returning has been deprecated in favor of Object#tap. (called from enable_activerecord at /home/rlittle/Development/bitbucket/viates/vendor/plugins/will_paginate/lib/will_paginate.rb:38)
DEPRECATION WARNING: ActionController::Routing::Routes is deprecated. Instead, use Rails.application.routes. (called from /home/rlittle/Development/bitbucket/viates/vendor/plugins/rails_tiny_mce/config/routes.rb:1)
DEPRECATION WARNING: Use toplevel init.rb; rails/init.rb is deprecated: /home/rlittle/Development/bitbucket/viates/vendor/plugins/jrails/rails/init.rb. (called from /home/rlittle/Development/bitbucket/viates/config/environment.rb:5)
DEPRECATION WARNING: reset_javascript_include_default is deprecated. Please manipulate config.action_view.javascript_expansions[:defaults] directly. (called from /home/rlittle/Development/bitbucket/viates/vendor/plugins/jrails/rails/init.rb:14)
DEPRECATION WARNING: RAILS_ENV is deprecated. Please use ::Rails.env. (called from /home/rlittle/Development/bitbucket/viates/vendor/plugins/jrails/rails/init.rb:16)
DEPRECATION WARNING: Use toplevel init.rb; rails/init.rb is deprecated: /home/rlittle/Development/bitbucket/viates/vendor/plugins/paperclip/rails/init.rb. (called from /home/rlittle/Development/bitbucket/viates/config/environment.rb:5)
DEPRECATION WARNING: Object#returning has been deprecated in favor of Object#tap. (called from enable_activerecord at /home/rlittle/Development/bitbucket/viates/vendor/plugins/will_paginate/lib/will_paginate.rb:38)
DEPRECATION WARNING: ActionController::Routing::Routes is deprecated. Instead, use Rails.application.routes. (called from /home/rlittle/Development/bitbucket/viates/vendor/plugins/rails_tiny_mce/config/routes.rb:1)
DEPRECATION WARNING: Use toplevel init.rb; rails/init.rb is deprecated: /home/rlittle/Development/bitbucket/viates/vendor/plugins/jrails/rails/init.rb. (called from /home/rlittle/Development/bitbucket/viates/config/environment.rb:5)
DEPRECATION WARNING: reset_javascript_include_default is deprecated. Please manipulate config.action_view.javascript_expansions[:defaults] directly. (called from /home/rlittle/Development/bitbucket/viates/vendor/plugins/jrails/rails/init.rb:14)
DEPRECATION WARNING: RAILS_ENV is deprecated. Please use ::Rails.env. (called from /home/rlittle/Development/bitbucket/viates/vendor/plugins/jrails/rails/init.rb:16)
DEPRECATION WARNING: Use toplevel init.rb; rails/init.rb is deprecated: /home/rlittle/Development/bitbucket/viates/vendor/plugins/paperclip/rails/init.rb. (called from /home/rlittle/Development/bitbucket/viates/config/environment.rb:5)
DEPRECATION WARNING: Object#returning has been deprecated in favor of Object#tap. (called from enable_activerecord at /home/rlittle/Development/bitbucket/viates/vendor/plugins/will_paginate/lib/will_paginate.rb:38)
DEPRECATION WARNING: ActionController::Routing::Routes is deprecated. Instead, use Rails.application.routes. (called from /home/rlittle/Development/bitbucket/viates/vendor/plugins/rails_tiny_mce/config/routes.rb:1)
DEPRECATION WARNING: Use toplevel init.rb; rails/init.rb is deprecated: /home/rlittle/Development/bitbucket/viates/vendor/plugins/jrails/rails/init.rb. (called from /home/rlittle/Development/bitbucket/viates/config/environment.rb:5)
DEPRECATION WARNING: reset_javascript_include_default is deprecated. Please manipulate config.action_view.javascript_expansions[:defaults] directly. (called from /home/rlittle/Development/bitbucket/viates/vendor/plugins/jrails/rails/init.rb:14)
DEPRECATION WARNING: RAILS_ENV is deprecated. Please use ::Rails.env. (called from /home/rlittle/Development/bitbucket/viates/vendor/plugins/jrails/rails/init.rb:16)
DEPRECATION WARNING: Use toplevel init.rb; rails/init.rb is deprecated: /home/rlittle/Development/bitbucket/viates/vendor/plugins/paperclip/rails/init.rb. (called from /home/rlittle/Development/bitbucket/viates/config/environment.rb:5)
DEPRECATION WARNING: Object#returning has been deprecated in favor of Object#tap. (called from enable_activerecord at /home/rlittle/Development/bitbucket/viates/vendor/plugins/will_paginate/lib/will_paginate.rb:38)
DEPRECATION WARNING: ActionController::Routing::Routes is deprecated. Instead, use Rails.application.routes. (called from /home/rlittle/Development/bitbucket/viates/vendor/plugins/rails_tiny_mce/config/routes.rb:1)
DEPRECATION WARNING: Use toplevel init.rb; rails/init.rb is deprecated: /home/rlittle/Development/bitbucket/viates/vendor/plugins/jrails/rails/init.rb. (called from /home/rlittle/Development/bitbucket/viates/config/environment.rb:5)
DEPRECATION WARNING: reset_javascript_include_default is deprecated. Please manipulate config.action_view.javascript_expansions[:defaults] directly. (called from /home/rlittle/Development/bitbucket/viates/vendor/plugins/jrails/rails/init.rb:14)
DEPRECATION WARNING: RAILS_ENV is deprecated. Please use ::Rails.env. (called from /home/rlittle/Development/bitbucket/viates/vendor/plugins/jrails/rails/init.rb:16)
DEPRECATION WARNING: Use toplevel init.rb; rails/init.rb is deprecated: /home/rlittle/Development/bitbucket/viates/vendor/plugins/paperclip/rails/init.rb. (called from /home/rlittle/Development/bitbucket/viates/config/environment.rb:5)
DEPRECATION WARNING: Object#returning has been deprecated in favor of Object#tap. (called from enable_activerecord at /home/rlittle/Development/bitbucket/viates/vendor/plugins/will_paginate/lib/will_paginate.rb:38)
DEPRECATION WARNING: ActionController::Routing::Routes is deprecated. Instead, use Rails.application.routes. (called from /home/rlittle/Development/bitbucket/viates/vendor/plugins/rails_tiny_mce/config/routes.rb:1)
DEPRECATION WARNING: Use toplevel init.rb; rails/init.rb is deprecated: /home/rlittle/Development/bitbucket/viates/vendor/plugins/jrails/rails/init.rb. (called from /home/rlittle/Development/bitbucket/viates/config/environment.rb:5)
DEPRECATION WARNING: reset_javascript_include_default is deprecated. Please manipulate config.action_view.javascript_expansions[:defaults] directly. (called from /home/rlittle/Development/bitbucket/viates/vendor/plugins/jrails/rails/init.rb:14)
DEPRECATION WARNING: RAILS_ENV is deprecated. Please use ::Rails.env. (called from /home/rlittle/Development/bitbucket/viates/vendor/plugins/jrails/rails/init.rb:16)
DEPRECATION WARNING: Use toplevel init.rb; rails/init.rb is deprecated: /home/rlittle/Development/bitbucket/viates/vendor/plugins/paperclip/rails/init.rb. (called from /home/rlittle/Development/bitbucket/viates/config/environment.rb:5)
DEPRECATION WARNING: Object#returning has been deprecated in favor of Object#tap. (called from enable_activerecord at /home/rlittle/Development/bitbucket/viates/vendor/plugins/will_paginate/lib/will_paginate.rb:38)
DEPRECATION WARNING: ActionController::Routing::Routes is deprecated. Instead, use Rails.application.routes. (called from /home/rlittle/Development/bitbucket/viates/vendor/plugins/rails_tiny_mce/config/routes.rb:1)
DEPRECATION WARNING: Use toplevel init.rb; rails/init.rb is deprecated: /home/rlittle/Development/bitbucket/viates/vendor/plugins/jrails/rails/init.rb. (called from /home/rlittle/Development/bitbucket/viates/config/environment.rb:5)
DEPRECATION WARNING: reset_javascript_include_default is deprecated. Please manipulate config.action_view.javascript_expansions[:defaults] directly. (called from /home/rlittle/Development/bitbucket/viates/vendor/plugins/jrails/rails/init.rb:14)
DEPRECATION WARNING: RAILS_ENV is deprecated. Please use ::Rails.env. (called from /home/rlittle/Development/bitbucket/viates/vendor/plugins/jrails/rails/init.rb:16)
DEPRECATION WARNING: Use toplevel init.rb; rails/init.rb is deprecated: /home/rlittle/Development/bitbucket/viates/vendor/plugins/paperclip/rails/init.rb. (called from /home/rlittle/Development/bitbucket/viates/config/environment.rb:5)
DEPRECATION WARNING: Object#returning has been deprecated in favor of Object#tap. (called from enable_activerecord at /home/rlittle/Development/bitbucket/viates/vendor/plugins/will_paginate/lib/will_paginate.rb:38)
DEPRECATION WARNING: ActionController::Routing::Routes is deprecated. Instead, use Rails.application.routes. (called from /home/rlittle/Development/bitbucket/viates/vendor/plugins/rails_tiny_mce/config/routes.rb:1)
DEPRECATION WARNING: Use toplevel init.rb; rails/init.rb is deprecated: /home/rlittle/Development/bitbucket/viates/vendor/plugins/jrails/rails/init.rb. (called from /home/rlittle/Development/bitbucket/viates/config/environment.rb:5)
DEPRECATION WARNING: reset_javascript_include_default is deprecated. Please manipulate config.action_view.javascript_expansions[:defaults] directly. (called from /home/rlittle/Development/bitbucket/viates/vendor/plugins/jrails/rails/init.rb:14)
DEPRECATION WARNING: RAILS_ENV is deprecated. Please use ::Rails.env. (called from /home/rlittle/Development/bitbucket/viates/vendor/plugins/jrails/rails/init.rb:16)
DEPRECATION WARNING: Use toplevel init.rb; rails/init.rb is deprecated: /home/rlittle/Development/bitbucket/viates/vendor/plugins/paperclip/rails/init.rb. (called from /home/rlittle/Development/bitbucket/viates/config/environment.rb:5)
DEPRECATION WARNING: Object#returning has been deprecated in favor of Object#tap. (called from enable_activerecord at /home/rlittle/Development/bitbucket/viates/vendor/plugins/will_paginate/lib/will_paginate.rb:38)
DEPRECATION WARNING: ActionController::Routing::Routes is deprecated. Instead, use Rails.application.routes. (called from /home/rlittle/Development/bitbucket/viates/vendor/plugins/rails_tiny_mce/config/routes.rb:1)
DEPRECATION WARNING: Use toplevel init.rb; rails/init.rb is deprecated: /home/rlittle/Development/bitbucket/viates/vendor/plugins/jrails/rails/init.rb. (called from /home/rlittle/Development/bitbucket/viates/config/environment.rb:5)
DEPRECATION WARNING: reset_javascript_include_default is deprecated. Please manipulate config.action_view.javascript_expansions[:defaults] directly. (called from /home/rlittle/Development/bitbucket/viates/vendor/plugins/jrails/rails/init.rb:14)
DEPRECATION WARNING: RAILS_ENV is deprecated. Please use ::Rails.env. (called from /home/rlittle/Development/bitbucket/viates/vendor/plugins/jrails/rails/init.rb:16)
DEPRECATION WARNING: Use toplevel init.rb; rails/init.rb is deprecated: /home/rlittle/Development/bitbucket/viates/vendor/plugins/paperclip/rails/init.rb. (called from /home/rlittle/Development/bitbucket/viates/config/environment.rb:5)
DEPRECATION WARNING: Object#returning has been deprecated in favor of Object#tap. (called from enable_activerecord at /home/rlittle/Development/bitbucket/viates/vendor/plugins/will_paginate/lib/will_paginate.rb:38)
DEPRECATION WARNING: ActionController::Routing::Routes is deprecated. Instead, use Rails.application.routes. (called from /home/rlittle/Development/bitbucket/viates/vendor/plugins/rails_tiny_mce/config/routes.rb:1)
DEPRECATION WARNING: Use toplevel init.rb; rails/init.rb is deprecated: /home/rlittle/Development/bitbucket/viates/vendor/plugins/jrails/rails/init.rb. (called from /home/rlittle/Development/bitbucket/viates/config/environment.rb:5)
DEPRECATION WARNING: reset_javascript_include_default is deprecated. Please manipulate config.action_view.javascript_expansions[:defaults] directly. (called from /home/rlittle/Development/bitbucket/viates/vendor/plugins/jrails/rails/init.rb:14)
DEPRECATION WARNING: RAILS_ENV is deprecated. Please use ::Rails.env. (called from /home/rlittle/Development/bitbucket/viates/vendor/plugins/jrails/rails/init.rb:16)
DEPRECATION WARNING: Use toplevel init.rb; rails/init.rb is deprecated: /home/rlittle/Development/bitbucket/viates/vendor/plugins/paperclip/rails/init.rb. (called from /home/rlittle/Development/bitbucket/viates/config/environment.rb:5)
DEPRECATION WARNING: Object#returning has been deprecated in favor of Object#tap. (called from enable_activerecord at /home/rlittle/Development/bitbucket/viates/vendor/plugins/will_paginate/lib/will_paginate.rb:38)
DEPRECATION WARNING: ActionController::Routing::Routes is deprecated. Instead, use Rails.application.routes. (called from /home/rlittle/Development/bitbucket/viates/vendor/plugins/rails_tiny_mce/config/routes.rb:1)
